  main.cpp
c:\github\ecam_ma1\programmation parallel\vulkanprojects\vulkantriangle\vulkantriangle\main.cpp(238): warning C4244: 'initializing': conversion from 'float' to 'int', possible loss of data
c:\github\ecam_ma1\programmation parallel\vulkanprojects\vulkantriangle\vulkantriangle\main.cpp(240): warning C4244: 'initializing': conversion from 'float' to 'int', possible loss of data
c:\github\ecam_ma1\programmation parallel\vulkanprojects\vulkantriangle\vulkantriangle\main.cpp(385): warning C4244: 'argument': conversion from 'float' to 'int', possible loss of data
c:\github\ecam_ma1\programmation parallel\vulkanprojects\vulkantriangle\vulkantriangle\main.cpp(387): warning C4244: 'argument': conversion from 'float' to '_Ty', possible loss of data
          with
          [
              _Ty=uint16_t
          ]
c:\github\ecam_ma1\programmation parallel\vulkanprojects\vulkantriangle\vulkantriangle\main.cpp(389): warning C4244: 'argument': conversion from 'float' to 'int', possible loss of data
c:\github\ecam_ma1\programmation parallel\vulkanprojects\vulkantriangle\vulkantriangle\main.cpp(390): warning C4244: 'argument': conversion from 'float' to '_Ty', possible loss of data
          with
          [
              _Ty=uint16_t
          ]
c:\github\ecam_ma1\programmation parallel\vulkanprojects\vulkantriangle\vulkantriangle\main.cpp(391): warning C4244: 'argument': conversion from 'float' to '_Ty', possible loss of data
          with
          [
              _Ty=uint16_t
          ]
c:\github\ecam_ma1\programmation parallel\vulkanprojects\vulkantriangle\vulkantriangle\main.cpp(394): warning C4244: 'argument': conversion from 'float' to 'int', possible loss of data
c:\github\ecam_ma1\programmation parallel\vulkanprojects\vulkantriangle\vulkantriangle\main.cpp(395): warning C4244: 'argument': conversion from 'float' to '_Ty', possible loss of data
          with
          [
              _Ty=uint16_t
          ]
c:\github\ecam_ma1\programmation parallel\vulkanprojects\vulkantriangle\vulkantriangle\main.cpp(396): warning C4244: 'argument': conversion from 'float' to '_Ty', possible loss of data
          with
          [
              _Ty=uint16_t
          ]
c:\github\ecam_ma1\programmation parallel\vulkanprojects\vulkantriangle\vulkantriangle\main.cpp(401): warning C4244: '+=': conversion from 'float' to 'int', possible loss of data
c:\github\ecam_ma1\programmation parallel\vulkanprojects\vulkantriangle\vulkantriangle\main.cpp(459): warning C4305: 'initializing': truncation from 'double' to 'float'
c:\github\ecam_ma1\programmation parallel\vulkanprojects\vulkantriangle\vulkantriangle\main.cpp(485): warning C4305: 'argument': truncation from 'double' to 'T'
          with
          [
              T=float
          ]
c:\github\ecam_ma1\programmation parallel\vulkanprojects\vulkantriangle\vulkantriangle\main.cpp(486): warning C4305: '=': truncation from 'double' to 'float'
c:\github\ecam_ma1\programmation parallel\vulkanprojects\vulkantriangle\vulkantriangle\main.cpp(490): warning C4305: '+=': truncation from 'double' to 'float'
c:\github\ecam_ma1\programmation parallel\vulkanprojects\vulkantriangle\vulkantriangle\main.cpp(492): warning C4804: '<': unsafe use of type 'bool' in operation
c:\github\ecam_ma1\programmation parallel\vulkanprojects\vulkantriangle\vulkantriangle\main.cpp(493): warning C4305: '+=': truncation from 'double' to 'float'
c:\github\ecam_ma1\programmation parallel\vulkanprojects\vulkantriangle\vulkantriangle\main.cpp(495): warning C4804: '<': unsafe use of type 'bool' in operation
c:\github\ecam_ma1\programmation parallel\vulkanprojects\vulkantriangle\vulkantriangle\main.cpp(450): warning C4101: 'vertexData': unreferenced local variable
c:\github\ecam_ma1\programmation parallel\vulkanprojects\vulkantriangle\vulkantriangle\main.cpp(452): warning C4101: 'sphereData': unreferenced local variable
c:\github\ecam_ma1\programmation parallel\vulkanprojects\vulkantriangle\vulkantriangle\main.cpp(1945): warning C4267: 'argument': conversion from 'size_t' to 'uint32_t', possible loss of data
  VulkanTriangle.vcxproj -> C:\GitHub\Ecam_MA1\programmation parallel\VulkanProjects\VulkanTriangle\x64\Debug\VulkanTriangle.exe
